Unity Editor version:    2021.3.9f1 (ad3870b89536)
Branch:                  2021.3/staging
Build type:              Release
Batch mode:              YES
macOS version:           Version 12.5.1 (Build 21G83)
Darwin version:          21.6.0
Architecture:            x86_64
Running under Rosetta:   NO
Available memory:        16384 MB
Using pre-set license
Pro License: YES

COMMAND LINE ARGUMENTS:
/Applications/Unity/Hub/Editor/2021.3.9f1/Unity.app/Contents/MacOS/Unity
-adb2
-batchMode
-noUpm
-name
AssetImportWorker0
-projectPath
/Users/samfalberg/Documents/GitHub/TinyBites/FalbergTB1
-logFile
Logs/AssetImportWorker0.log
-srvPort
50700
Successfully changed project path to: /Users/samfalberg/Documents/GitHub/TinyBites/FalbergTB1
/Users/samfalberg/Documents/GitHub/TinyBites/FalbergTB1
[UnityMemory] Configuration Parameters - Can be set up in boot.config
    "memorysetup-bucket-allocator-granularity=16"
    "memorysetup-bucket-allocator-bucket-count=8"
    "memorysetup-bucket-allocator-block-size=33554432"
    "memorysetup-bucket-allocator-block-count=8"
    "memorysetup-main-allocator-block-size=16777216"
    "memorysetup-thread-allocator-block-size=16777216"
    "memorysetup-gfx-main-allocator-block-size=16777216"
    "memorysetup-gfx-thread-allocator-block-size=16777216"
    "memorysetup-cache-allocator-block-size=4194304"
    "memorysetup-typetree-allocator-block-size=2097152"
    "memorysetup-profiler-bucket-allocator-granularity=16"
    "memorysetup-profiler-bucket-allocator-bucket-count=8"
    "memorysetup-profiler-bucket-allocator-block-size=33554432"
    "memorysetup-profiler-bucket-allocator-block-count=8"
    "memorysetup-profiler-allocator-block-size=16777216"
    "memorysetup-profiler-editor-allocator-block-size=1048576"
    "memorysetup-temp-allocator-size-main=16777216"
    "memorysetup-job-temp-allocator-block-size=2097152"
    "memorysetup-job-temp-allocator-block-size-background=1048576"
    "memorysetup-job-temp-allocator-reduction-small-platforms=262144"
    "memorysetup-temp-allocator-size-background-worker=32768"
    "memorysetup-temp-allocator-size-job-worker=262144"
    "memorysetup-temp-allocator-size-preload-manager=33554432"
    "memorysetup-temp-allocator-size-nav-mesh-worker=65536"
    "memorysetup-temp-allocator-size-audio-worker=65536"
    "memorysetup-temp-allocator-size-cloud-worker=32768"
    "memorysetup-temp-allocator-size-gi-baking-worker=262144"
    "memorysetup-temp-allocator-size-gfx=262144"
Refreshing native plugins compatible for Editor in 121.82 ms, found 2 plugins.
Preloading 0 native plugins for Editor in 0.00 ms.
Initialize engine version: 2021.3.9f1 (ad3870b89536)
[Subsystems] Discovering subsystems at path /Applications/Unity/Hub/Editor/2021.3.9f1/Unity.app/Contents/Resources/UnitySubsystems
[Subsystems] Discovering subsystems at path /Users/samfalberg/Documents/GitHub/TinyBites/FalbergTB1/Assets
GfxDevice: creating device client; threaded=0; jobified=0
Color LCD preferred device: Intel(R) Iris(TM) Plus Graphics 655 (low power)
Metal devices available: 1
0: Intel(R) Iris(TM) Plus Graphics 655 (low power)
Using device Intel(R) Iris(TM) Plus Graphics 655 (low power)
Initializing Metal device caps: Intel(R) Iris(TM) Plus Graphics 655
Initialize mono
Mono path[0] = '/Applications/Unity/Hub/Editor/2021.3.9f1/Unity.app/Contents/Managed'
Mono path[1] = '/Applications/Unity/Hub/Editor/2021.3.9f1/Unity.app/Contents/MonoBleedingEdge/lib/mono/unityjit-macos'
Mono config path = '/Applications/Unity/Hub/Editor/2021.3.9f1/Unity.app/Contents/MonoBleedingEdge/etc'
Using monoOptions --debugger-agent=transport=dt_socket,embedding=1,server=y,suspend=n,address=127.0.0.1:56216
Begin MonoManager ReloadAssembly
Registering precompiled unity dll's ...
Register platform support module: /Applications/Unity/Hub/Editor/2021.3.9f1/Unity.app/Contents/PlaybackEngines/MacStandaloneSupport/UnityEditor.OSXStandalone.Extensions.dll
Registered in 0.002475 seconds.
Native extension for OSXStandalone target not found
Refreshing native plugins compatible for Editor in 101.34 ms, found 2 plugins.
Preloading 0 native plugins for Editor in 0.00 ms.
Mono: successfully reloaded assembly
- Completed reload, in  1.009 seconds
Domain Reload Profiling:
	ReloadAssembly (1010ms)
		BeginReloadAssembly (192ms)
			ExecutionOrderSort (0ms)
			DisableScriptedObjects (0ms)
			BackupInstance (0ms)
			ReleaseScriptingObjects (0ms)
			CreateAndSetChildDomain (1ms)
		EndReloadAssembly (652ms)
			LoadAssemblies (193ms)
			RebuildTransferFunctionScriptingTraits (0ms)
			SetupTypeCache (176ms)
			ReleaseScriptCaches (0ms)
			RebuildScriptCaches (39ms)
			SetupLoadedEditorAssemblies (375ms)
				LogAssemblyErrors (0ms)
				InitializePlatformSupportModulesInManaged (9ms)
				SetLoadedEditorAssemblies (0ms)
				RefreshPlugins (101ms)
				BeforeProcessingInitializeOnLoad (1ms)
				ProcessInitializeOnLoadAttributes (185ms)
				ProcessInitializeOnLoadMethodAttributes (77ms)
				AfterProcessingInitializeOnLoad (0ms)
				EditorAssembliesLoaded (0ms)
			ExecutionOrderSort2 (0ms)
			AwakeInstancesAfterBackupRestoration (0ms)
Platform modules already initialized, skipping
Registering precompiled user dll's ...
Registered in 0.013838 seconds.
Begin MonoManager ReloadAssembly
Symbol file LoadedFromMemory doesn't match image /Users/samfalberg/Documents/GitHub/TinyBites/FalbergTB1/Library/PackageCache/com.unity.visualscripting@1.7.8/Editor/VisualScripting.Core/Dependencies/YamlDotNet/Unity.VisualScripting.YamlDotNet.dll
Symbol file LoadedFromMemory doesn't match image /Users/samfalberg/Documents/GitHub/TinyBites/FalbergTB1/Library/PackageCache/com.unity.visualscripting@1.7.8/Editor/VisualScripting.Core/Dependencies/DotNetZip/Unity.VisualScripting.IonicZip.dll
Native extension for OSXStandalone target not found
Refreshing native plugins compatible for Editor in 0.74 ms, found 2 plugins.
Preloading 0 native plugins for Editor in 0.00 ms.
Mono: successfully reloaded assembly
- Completed reload, in  1.548 seconds
Domain Reload Profiling:
	ReloadAssembly (1549ms)
		BeginReloadAssembly (169ms)
			ExecutionOrderSort (0ms)
			DisableScriptedObjects (7ms)
			BackupInstance (0ms)
			ReleaseScriptingObjects (0ms)
			CreateAndSetChildDomain (30ms)
		EndReloadAssembly (1202ms)
			LoadAssemblies (174ms)
			RebuildTransferFunctionScriptingTraits (0ms)
			SetupTypeCache (422ms)
			ReleaseScriptCaches (1ms)
			RebuildScriptCaches (77ms)
			SetupLoadedEditorAssemblies (480ms)
				LogAssemblyErrors (0ms)
				InitializePlatformSupportModulesInManaged (6ms)
				SetLoadedEditorAssemblies (1ms)
				RefreshPlugins (1ms)
				BeforeProcessingInitializeOnLoad (110ms)
				ProcessInitializeOnLoadAttributes (320ms)
				ProcessInitializeOnLoadMethodAttributes (41ms)
				AfterProcessingInitializeOnLoad (2ms)
				EditorAssembliesLoaded (0ms)
			ExecutionOrderSort2 (0ms)
			AwakeInstancesAfterBackupRestoration (7ms)
Platform modules already initialized, skipping
========================================================================
Worker process is ready to serve import requests
Launching external process: /Applications/Unity/Hub/Editor/2021.3.9f1/Unity.app/Contents/Tools/UnityShaderCompiler
Launched and connected shader compiler UnityShaderCompiler after 0.07 seconds
Refreshing native plugins compatible for Editor in 0.62 ms, found 2 plugins.
Preloading 0 native plugins for Editor in 0.00 ms.
Unloading 3380 Unused Serialized files (Serialized files now loaded: 0)
Unloading 27 unused Assets / (150.3 KB). Loaded Objects now: 3837.
Memory consumption went from 228.6 MB to 228.4 MB.
Total: 4.739370 ms (FindLiveObjects: 0.370295 ms CreateObjectMapping: 0.240773 ms MarkObjects: 3.974525 ms  DeleteObjects: 0.152432 ms)

AssetImportParameters requested are different than current active one (requested -> active):
  custom:video-decoder-ogg-theora: a1e56fd34408186e4bbccfd4996cb3dc -> 
  custom:container-muxer-webm: aa71ff27fc2769a1b78a27578f13a17b -> 
  custom:container-demuxer-webm: 4f35f7cbe854078d1ac9338744f61a02 -> 
  custom:video-encoder-webm-vp8: eb34c28f22e8b96e1ab97ce403110664 -> 
  custom:framework-osx-AVFoundation: e770b220cccbd017edd2c1fefb359320 -> 
  custom:audio-encoder-webm-vorbis: bf7c407c2cedff20999df2af8eb42d56 -> 
  custom:container-demuxer-ogg: 62fdf1f143b41e24485cea50d1cbac27 -> 
  custom:video-decoder-webm-vp8: 9c59270c3fd7afecdb556c50c9e8de78 -> 
  custom:audio-decoder-ogg-vorbis: bf7c407c2cedff20999df2af8eb42d56 -> 
========================================================================
Received Import Request.
  Time since last request: 289114.725414 seconds.
  path: Assets/Scenes
  artifactKey: Guid(6ea315d0fd7389c41b19996891e99ae3) Importer(815301076,1909f56bfc062723c751e8b465ee728b)
Start importing Assets/Scenes using Guid(6ea315d0fd7389c41b19996891e99ae3) Importer(815301076,1909f56bfc062723c751e8b465ee728b)  -> (artifact id: 'b8193726cff86800c54781cdc6d54904') in 0.009365 seconds 
========================================================================
Received Import Request.
  Time since last request: 0.000079 seconds.
  path: Assets/Scenes/SampleScene.unity
  artifactKey: Guid(9fc0d4010bbf28b4594072e72b8655ab) Importer(2089858483,0ecaa5967403d082aa24f35e1b516d23)
Start importing Assets/Scenes/SampleScene.unity using Guid(9fc0d4010bbf28b4594072e72b8655ab) Importer(2089858483,0ecaa5967403d082aa24f35e1b516d23)  -> (artifact id: '4360a1246cd6ce9288de230a308faf04') in 0.094351 seconds 
========================================================================
Received Import Request.
  Time since last request: 0.000081 seconds.
  path: Assets/Scenes/SampleScene.unity
  artifactKey: Guid(9fc0d4010bbf28b4594072e72b8655ab) Importer(815301076,1909f56bfc062723c751e8b465ee728b)
Start importing Assets/Scenes/SampleScene.unity using Guid(9fc0d4010bbf28b4594072e72b8655ab) Importer(815301076,1909f56bfc062723c751e8b465ee728b)  -> (artifact id: 'e55ccaa32d8e5c1de03c07a5412c8c3c') in 0.001095 seconds 
========================================================================
Received Prepare
Refreshing native plugins compatible for Editor in 5.68 ms, found 2 plugins.
Preloading 0 native plugins for Editor in 0.00 ms.
Unloading 20 Unused Serialized files (Serialized files now loaded: 0)
Unloading 20 unused Assets / (71.3 KB). Loaded Objects now: 3837.
Memory consumption went from 162.5 MB to 162.4 MB.
Total: 4.115784 ms (FindLiveObjects: 0.314649 ms CreateObjectMapping: 0.232838 ms MarkObjects: 3.481756 ms  DeleteObjects: 0.085660 ms)

AssetImportParameters requested are different than current active one (requested -> active):
  custom:video-decoder-ogg-theora: a1e56fd34408186e4bbccfd4996cb3dc -> 
  custom:container-muxer-webm: aa71ff27fc2769a1b78a27578f13a17b -> 
  custom:container-demuxer-webm: 4f35f7cbe854078d1ac9338744f61a02 -> 
  custom:video-encoder-webm-vp8: eb34c28f22e8b96e1ab97ce403110664 -> 
  custom:framework-osx-AVFoundation: e770b220cccbd017edd2c1fefb359320 -> 
  custom:audio-encoder-webm-vorbis: bf7c407c2cedff20999df2af8eb42d56 -> 
  custom:SearchIndexIgnoredProperties: e643bd26f0fe6173181afceb89e7c659 -> 
  custom:container-demuxer-ogg: 62fdf1f143b41e24485cea50d1cbac27 -> 
  custom:video-decoder-webm-vp8: 9c59270c3fd7afecdb556c50c9e8de78 -> 
  custom:audio-decoder-ogg-vorbis: bf7c407c2cedff20999df2af8eb42d56 -> 
========================================================================
Received Import Request.
  Time since last request: 116.425356 seconds.
  path: Assets/M67/Prefabs/M67 modren Variant.prefab
  artifactKey: Guid(9560cfe478da148459867aa2c651f985) Importer(2089858483,0ecaa5967403d082aa24f35e1b516d23)
Start importing Assets/M67/Prefabs/M67 modren Variant.prefab using Guid(9560cfe478da148459867aa2c651f985) Importer(2089858483,0ecaa5967403d082aa24f35e1b516d23)  -> (artifact id: 'b5c07440c250adedf13293ba38cddb81') in 1.558641 seconds 
========================================================================
Received Import Request.
  Time since last request: 0.000150 seconds.
  path: Assets/M67/Materials/M67 modern.mat
  artifactKey: Guid(d9e8732f37aaecf47b24f6631b6cc4ed) Importer(2089858483,0ecaa5967403d082aa24f35e1b516d23)
Start importing Assets/M67/Materials/M67 modern.mat using Guid(d9e8732f37aaecf47b24f6631b6cc4ed) Importer(2089858483,0ecaa5967403d082aa24f35e1b516d23)  -> (artifact id: '7cb6fe14f3c52db80fde3baa857074f0') in 0.379191 seconds 
========================================================================
Received Import Request.
  Time since last request: 0.000112 seconds.
  path: Assets/M67/Prefabs/M67 old Variant.prefab
  artifactKey: Guid(1bb7534ddfbdbd442b68ea75c381c252) Importer(2089858483,0ecaa5967403d082aa24f35e1b516d23)
Start importing Assets/M67/Prefabs/M67 old Variant.prefab using Guid(1bb7534ddfbdbd442b68ea75c381c252) Importer(2089858483,0ecaa5967403d082aa24f35e1b516d23)  -> (artifact id: '33c9d8b8b3c97f9bc0dea722455e8816') in 0.010937 seconds 
========================================================================
Received Import Request.
  Time since last request: 0.000123 seconds.
  path: Assets/M67/Textures/M67 old
  artifactKey: Guid(5625c0dbf669a504c95fecff00888a75) Importer(2089858483,0ecaa5967403d082aa24f35e1b516d23)
Start importing Assets/M67/Textures/M67 old using Guid(5625c0dbf669a504c95fecff00888a75) Importer(2089858483,0ecaa5967403d082aa24f35e1b516d23)  -> (artifact id: 'aa1ae7d37e2e3d9d06d2239846ec864c') in 0.003560 seconds 
========================================================================
Received Import Request.
  Time since last request: 0.000076 seconds.
  path: Assets/M67/Prefabs
  artifactKey: Guid(24ce91b1fff136f498db4b4b38286692) Importer(2089858483,0ecaa5967403d082aa24f35e1b516d23)
Start importing Assets/M67/Prefabs using Guid(24ce91b1fff136f498db4b4b38286692) Importer(2089858483,0ecaa5967403d082aa24f35e1b516d23)  -> (artifact id: 'a3c647abeae552865e1bc5f4d24f2115') in 0.003369 seconds 
========================================================================
Received Import Request.
  Time since last request: 0.000088 seconds.
  path: Assets/M67/Models
  artifactKey: Guid(de7b7fae3e982af4faf4137bd971b37b) Importer(2089858483,0ecaa5967403d082aa24f35e1b516d23)
Start importing Assets/M67/Models using Guid(de7b7fae3e982af4faf4137bd971b37b) Importer(2089858483,0ecaa5967403d082aa24f35e1b516d23)  -> (artifact id: '6bbe7a50cc5ff3729156ced1fc1d90c6') in 0.003804 seconds 
========================================================================
Received Import Request.
  Time since last request: 0.000066 seconds.
  path: Assets/M67/Materials/M67 old.mat
  artifactKey: Guid(f60159f2dbbc5e94eb8e27eb50b1402e) Importer(2089858483,0ecaa5967403d082aa24f35e1b516d23)
Start importing Assets/M67/Materials/M67 old.mat using Guid(f60159f2dbbc5e94eb8e27eb50b1402e) Importer(2089858483,0ecaa5967403d082aa24f35e1b516d23)  -> (artifact id: '55c7102edce289dde67ad9a2c69a5f01') in 0.169608 seconds 
========================================================================
Received Import Request.
  Time since last request: 0.000141 seconds.
  path: Assets/M67/Textures/M67 modern/M67 modern_Normal.png
  artifactKey: Guid(1d928576504df3a4eb76df5c21d53d80) Importer(2089858483,0ecaa5967403d082aa24f35e1b516d23)
Start importing Assets/M67/Textures/M67 modern/M67 modern_Normal.png using Guid(1d928576504df3a4eb76df5c21d53d80) Importer(2089858483,0ecaa5967403d082aa24f35e1b516d23)  -> (artifact id: '7de9383d59ecd2fa095df8f0cb5c0dc9') in 0.282882 seconds 
========================================================================
Received Import Request.
  Time since last request: 10.647165 seconds.
  path: Assets/Objects
  artifactKey: Guid(6bb6ed9c7412543d7b9c5b22d10b32f7) Importer(815301076,1909f56bfc062723c751e8b465ee728b)
Start importing Assets/Objects using Guid(6bb6ed9c7412543d7b9c5b22d10b32f7) Importer(815301076,1909f56bfc062723c751e8b465ee728b)  -> (artifact id: 'fa93b050b8af7dc8d74011a007034518') in 0.001936 seconds 
========================================================================
Received Import Request.
  Time since last request: 0.942816 seconds.
  path: Assets/Objects
  artifactKey: Guid(6bb6ed9c7412543d7b9c5b22d10b32f7) Importer(2089858483,0ecaa5967403d082aa24f35e1b516d23)
Start importing Assets/Objects using Guid(6bb6ed9c7412543d7b9c5b22d10b32f7) Importer(2089858483,0ecaa5967403d082aa24f35e1b516d23)  -> (artifact id: 'ab453f540e1c062d27ac5ca4cf2c8251') in 0.005237 seconds 
========================================================================
Received Import Request.
  Time since last request: 1.981307 seconds.
  path: Assets/Objects/M67/Textures
  artifactKey: Guid(07d49deb720c2b34b888e3489d37ad09) Importer(2089858483,0ecaa5967403d082aa24f35e1b516d23)
Start importing Assets/Objects/M67/Textures using Guid(07d49deb720c2b34b888e3489d37ad09) Importer(2089858483,0ecaa5967403d082aa24f35e1b516d23)  -> (artifact id: '041d5d4f91ef3e7dfa18e01d8d49d353') in 0.004297 seconds 
========================================================================
Received Import Request.
  Time since last request: 0.000137 seconds.
  path: Assets/Objects/M67/Textures/M67 old/M67 old_Roughness.png
  artifactKey: Guid(cef427c53f0824342b4290414df5e975) Importer(2089858483,0ecaa5967403d082aa24f35e1b516d23)
Start importing Assets/Objects/M67/Textures/M67 old/M67 old_Roughness.png using Guid(cef427c53f0824342b4290414df5e975) Importer(2089858483,0ecaa5967403d082aa24f35e1b516d23)  -> (artifact id: 'cbac953524f404cf6f039dc7a9941d8d') in 0.060391 seconds 
========================================================================
Received Import Request.
  Time since last request: 0.000130 seconds.
  path: Assets/Objects/M67/Textures/M67 old/M67 old_Normal.png
  artifactKey: Guid(5f3465fa2aafa1c479d4b26791a54b21) Importer(2089858483,0ecaa5967403d082aa24f35e1b516d23)
Start importing Assets/Objects/M67/Textures/M67 old/M67 old_Normal.png using Guid(5f3465fa2aafa1c479d4b26791a54b21) Importer(2089858483,0ecaa5967403d082aa24f35e1b516d23)  -> (artifact id: '3aa4ebfe620e808dd6c54c4c741478a9') in 0.087930 seconds 
========================================================================
Received Import Request.
  Time since last request: 0.000084 seconds.
  path: Assets/Objects/M67/Textures/M67 modern/M67 modern_Metallic.png
  artifactKey: Guid(679b8265c43a39849be9197aba9cc024) Importer(2089858483,0ecaa5967403d082aa24f35e1b516d23)
Start importing Assets/Objects/M67/Textures/M67 modern/M67 modern_Metallic.png using Guid(679b8265c43a39849be9197aba9cc024) Importer(2089858483,0ecaa5967403d082aa24f35e1b516d23)  -> (artifact id: '0fa05ea8959d1e3cb672d5a0c75c1feb') in 0.057355 seconds 
========================================================================
Received Import Request.
  Time since last request: 0.000088 seconds.
  path: Assets/Objects/M67/Scene
  artifactKey: Guid(aae2655618ab9ad4593810e41c38eb51) Importer(2089858483,0ecaa5967403d082aa24f35e1b516d23)
Start importing Assets/Objects/M67/Scene using Guid(aae2655618ab9ad4593810e41c38eb51) Importer(2089858483,0ecaa5967403d082aa24f35e1b516d23)  -> (artifact id: 'df280be921ed702e23ce2bfee45e31b2') in 0.004803 seconds 
========================================================================
Received Import Request.
  Time since last request: 0.000173 seconds.
  path: Assets/Objects/M67/Textures/M67 old/M67 old_Base color.png
  artifactKey: Guid(ec827f39b6e8a374f9d4bd03b408f278) Importer(2089858483,0ecaa5967403d082aa24f35e1b516d23)
Start importing Assets/Objects/M67/Textures/M67 old/M67 old_Base color.png using Guid(ec827f39b6e8a374f9d4bd03b408f278) Importer(2089858483,0ecaa5967403d082aa24f35e1b516d23)  -> (artifact id: '938f84276a7cb6714824058f4b0d0bd2') in 0.045907 seconds 
========================================================================
Received Import Request.
  Time since last request: 0.000071 seconds.
  path: Assets/Objects/M67/Models/M67 old.fbx
  artifactKey: Guid(76fa50113d7298a46906cf5933244bdb) Importer(2089858483,0ecaa5967403d082aa24f35e1b516d23)
Start importing Assets/Objects/M67/Models/M67 old.fbx using Guid(76fa50113d7298a46906cf5933244bdb) Importer(2089858483,0ecaa5967403d082aa24f35e1b516d23)  -> (artifact id: 'd0eedae1f3a34e026de68beadbf7156f') in 0.150998 seconds 
========================================================================
Received Import Request.
  Time since last request: 0.000095 seconds.
  path: Assets/Objects/M67/Prefabs
  artifactKey: Guid(24ce91b1fff136f498db4b4b38286692) Importer(2089858483,0ecaa5967403d082aa24f35e1b516d23)
Start importing Assets/Objects/M67/Prefabs using Guid(24ce91b1fff136f498db4b4b38286692) Importer(2089858483,0ecaa5967403d082aa24f35e1b516d23)  -> (artifact id: '6a4552cac79dcad4e2b0ff84e3d3e42d') in 0.003510 seconds 
========================================================================
Received Import Request.
  Time since last request: 0.000088 seconds.
  path: Assets/Objects/M67/Models
  artifactKey: Guid(de7b7fae3e982af4faf4137bd971b37b) Importer(2089858483,0ecaa5967403d082aa24f35e1b516d23)
Start importing Assets/Objects/M67/Models using Guid(de7b7fae3e982af4faf4137bd971b37b) Importer(2089858483,0ecaa5967403d082aa24f35e1b516d23)  -> (artifact id: 'cd20a92bb00464c7e4144e797940229f') in 0.005796 seconds 
========================================================================
Received Import Request.
  Time since last request: 0.000136 seconds.
  path: Assets/Objects/M67/Materials/M67 old.mat
  artifactKey: Guid(f60159f2dbbc5e94eb8e27eb50b1402e) Importer(2089858483,0ecaa5967403d082aa24f35e1b516d23)
Start importing Assets/Objects/M67/Materials/M67 old.mat using Guid(f60159f2dbbc5e94eb8e27eb50b1402e) Importer(2089858483,0ecaa5967403d082aa24f35e1b516d23)  -> (artifact id: '1aa48167a5141e7025a025dc9c4ef779') in 0.445574 seconds 
========================================================================
Received Import Request.
  Time since last request: 0.000110 seconds.
  path: Assets/Objects/M67/Textures/M67 modern
  artifactKey: Guid(0ac1ef1758e041646859806fb614f511) Importer(2089858483,0ecaa5967403d082aa24f35e1b516d23)
Start importing Assets/Objects/M67/Textures/M67 modern using Guid(0ac1ef1758e041646859806fb614f511) Importer(2089858483,0ecaa5967403d082aa24f35e1b516d23)  -> (artifact id: '75e5d8f94e1e8ec106fbd949327a2695') in 0.006346 seconds 
========================================================================
Received Import Request.
  Time since last request: 0.000109 seconds.
  path: Assets/Objects/M67/Textures/M67 modern/M67 modern_Roughness.png
  artifactKey: Guid(09e21090b75519d4b9c81c001810140f) Importer(2089858483,0ecaa5967403d082aa24f35e1b516d23)
Start importing Assets/Objects/M67/Textures/M67 modern/M67 modern_Roughness.png using Guid(09e21090b75519d4b9c81c001810140f) Importer(2089858483,0ecaa5967403d082aa24f35e1b516d23)  -> (artifact id: '06a42237a99821569e6237b071dedbd0') in 0.038978 seconds 
========================================================================
Received Import Request.
  Time since last request: 0.000083 seconds.
  path: Assets/Objects/M67
  artifactKey: Guid(058e4d240c8e7450284a75d40943e139) Importer(2089858483,0ecaa5967403d082aa24f35e1b516d23)
Start importing Assets/Objects/M67 using Guid(058e4d240c8e7450284a75d40943e139) Importer(2089858483,0ecaa5967403d082aa24f35e1b516d23)  -> (artifact id: '8db8b509ebd88ef2e4e2966ce2f01ae0') in 0.004876 seconds 
========================================================================
Received Import Request.
  Time since last request: 0.000056 seconds.
  path: Assets/Objects/M67/Textures/M67 old/M67 old_Metallic.png
  artifactKey: Guid(97dc6b523a5b7ae49a817e9ee88a4e36) Importer(2089858483,0ecaa5967403d082aa24f35e1b516d23)
Start importing Assets/Objects/M67/Textures/M67 old/M67 old_Metallic.png using Guid(97dc6b523a5b7ae49a817e9ee88a4e36) Importer(2089858483,0ecaa5967403d082aa24f35e1b516d23)  -> (artifact id: 'ccc76d8d9738554eca7665bd5899b79a') in 0.035583 seconds 
========================================================================
Received Import Request.
  Time since last request: 0.000191 seconds.
  path: Assets/Objects/M67
  artifactKey: Guid(058e4d240c8e7450284a75d40943e139) Importer(815301076,1909f56bfc062723c751e8b465ee728b)
Start importing Assets/Objects/M67 using Guid(058e4d240c8e7450284a75d40943e139) Importer(815301076,1909f56bfc062723c751e8b465ee728b)  -> (artifact id: '5a2e06fcef8a336697c3ce100f25a0cb') in 0.001989 seconds 
========================================================================
Received Import Request.
  Time since last request: 0.000092 seconds.
  path: Assets/Objects/M67/Materials
  artifactKey: Guid(9b46a44fd69761b43beb599e5da29d0d) Importer(2089858483,0ecaa5967403d082aa24f35e1b516d23)
Start importing Assets/Objects/M67/Materials using Guid(9b46a44fd69761b43beb599e5da29d0d) Importer(2089858483,0ecaa5967403d082aa24f35e1b516d23)  -> (artifact id: '99cf9456c2623e5700ee09c003fff565') in 0.005618 seconds 
========================================================================
Received Import Request.
  Time since last request: 2.554402 seconds.
  path: Assets/Objects/M67/Prefabs
  artifactKey: Guid(24ce91b1fff136f498db4b4b38286692) Importer(815301076,1909f56bfc062723c751e8b465ee728b)
Start importing Assets/Objects/M67/Prefabs using Guid(24ce91b1fff136f498db4b4b38286692) Importer(815301076,1909f56bfc062723c751e8b465ee728b)  -> (artifact id: 'a8028f7c375047ce273d16e9621f7914') in 0.004495 seconds 
========================================================================
Received Import Request.
  Time since last request: 0.050266 seconds.
  path: Assets/Objects/M67/Prefabs/M67 modren Variant.prefab
  artifactKey: Guid(9560cfe478da148459867aa2c651f985) Importer(815301076,1909f56bfc062723c751e8b465ee728b)
Start importing Assets/Objects/M67/Prefabs/M67 modren Variant.prefab using Guid(9560cfe478da148459867aa2c651f985) Importer(815301076,1909f56bfc062723c751e8b465ee728b)  -> (artifact id: '0703eb40d26576593cff3e3ddcd39bfc') in 0.739699 seconds 
========================================================================
Received Import Request.
  Time since last request: 133.427139 seconds.
  path: Assets/Objects/M67/Materials/M67 modern.mat
  artifactKey: Guid(d9e8732f37aaecf47b24f6631b6cc4ed) Importer(815301076,1909f56bfc062723c751e8b465ee728b)
Start importing Assets/Objects/M67/Materials/M67 modern.mat using Guid(d9e8732f37aaecf47b24f6631b6cc4ed) Importer(815301076,1909f56bfc062723c751e8b465ee728b)  -> (artifact id: 'b73d3b5e135e8fd0f52a02721274e6b5') in 0.256621 seconds 
========================================================================
Received Import Request.
  Time since last request: 62.837903 seconds.
  path: Assets/Objects/M67/Models/M67 modren.fbx
  artifactKey: Guid(26da5e3e1e761274dbcfac995de81076) Importer(815301076,1909f56bfc062723c751e8b465ee728b)
Start importing Assets/Objects/M67/Models/M67 modren.fbx using Guid(26da5e3e1e761274dbcfac995de81076) Importer(815301076,1909f56bfc062723c751e8b465ee728b)  -> (artifact id: 'fc8d13dd5de3837021f903d0790c693e') in 0.501195 seconds 
========================================================================
Received Import Request.
  Time since last request: 111.176410 seconds.
  path: Assets/Materials
  artifactKey: Guid(b031478a864dd4bea8d60d4d4ebf0b76) Importer(815301076,1909f56bfc062723c751e8b465ee728b)
Start importing Assets/Materials using Guid(b031478a864dd4bea8d60d4d4ebf0b76) Importer(815301076,1909f56bfc062723c751e8b465ee728b)  -> (artifact id: '3a1be4d72edc4adece2eaba327745aa9') in 0.001868 seconds 
========================================================================
Received Import Request.
  Time since last request: 0.949057 seconds.
  path: Assets/Materials
  artifactKey: Guid(b031478a864dd4bea8d60d4d4ebf0b76) Importer(2089858483,0ecaa5967403d082aa24f35e1b516d23)
Start importing Assets/Materials using Guid(b031478a864dd4bea8d60d4d4ebf0b76) Importer(2089858483,0ecaa5967403d082aa24f35e1b516d23)  -> (artifact id: 'ccd3e57431abb7f5f26b633489f7aab4') in 0.004489 seconds 
========================================================================
Received Import Request.
  Time since last request: 6.455970 seconds.
  path: Assets/Materials/New Material.mat
  artifactKey: Guid(9a0aac136214941409ec15e423d24f4d) Importer(815301076,1909f56bfc062723c751e8b465ee728b)
Start importing Assets/Materials/New Material.mat using Guid(9a0aac136214941409ec15e423d24f4d) Importer(815301076,1909f56bfc062723c751e8b465ee728b)  -> (artifact id: 'cc58fbd2791499c49aa8a8c019f178b5') in 0.027464 seconds 
========================================================================
Received Import Request.
  Time since last request: 0.834798 seconds.
  path: Assets/Materials/New Material.mat
  artifactKey: Guid(9a0aac136214941409ec15e423d24f4d) Importer(2089858483,0ecaa5967403d082aa24f35e1b516d23)
Start importing Assets/Materials/New Material.mat using Guid(9a0aac136214941409ec15e423d24f4d) Importer(2089858483,0ecaa5967403d082aa24f35e1b516d23)  -> (artifact id: '3a35e3edcfa6025b0adc99a5739e848c') in 0.007465 seconds 
========================================================================
Received Import Request.
  Time since last request: 42.666961 seconds.
  path: Assets/Materials/Coolk.mat
  artifactKey: Guid(9a0aac136214941409ec15e423d24f4d) Importer(815301076,1909f56bfc062723c751e8b465ee728b)
Start importing Assets/Materials/Coolk.mat using Guid(9a0aac136214941409ec15e423d24f4d) Importer(815301076,1909f56bfc062723c751e8b465ee728b)  -> (artifact id: '902be5923bf4a7e93821f07b1b0ef506') in 0.015662 seconds 
========================================================================
Received Import Request.
  Time since last request: 0.944735 seconds.
  path: Assets/Materials/Coolk.mat
  artifactKey: Guid(9a0aac136214941409ec15e423d24f4d) Importer(2089858483,0ecaa5967403d082aa24f35e1b516d23)
Start importing Assets/Materials/Coolk.mat using Guid(9a0aac136214941409ec15e423d24f4d) Importer(2089858483,0ecaa5967403d082aa24f35e1b516d23)  -> (artifact id: '0af214fad2ce2f5100b1d58ca653c099') in 0.007348 seconds 
========================================================================
Received Import Request.
  Time since last request: 5.163538 seconds.
  path: Assets/Materials/Cool.mat
  artifactKey: Guid(9a0aac136214941409ec15e423d24f4d) Importer(815301076,1909f56bfc062723c751e8b465ee728b)
Start importing Assets/Materials/Cool.mat using Guid(9a0aac136214941409ec15e423d24f4d) Importer(815301076,1909f56bfc062723c751e8b465ee728b)  -> (artifact id: 'e8f978fe77a5ab6aae83796e3af42821') in 0.018094 seconds 
========================================================================
Received Import Request.
  Time since last request: 0.944732 seconds.
  path: Assets/Materials/Cool.mat
  artifactKey: Guid(9a0aac136214941409ec15e423d24f4d) Importer(2089858483,0ecaa5967403d082aa24f35e1b516d23)
Start importing Assets/Materials/Cool.mat using Guid(9a0aac136214941409ec15e423d24f4d) Importer(2089858483,0ecaa5967403d082aa24f35e1b516d23)  -> (artifact id: '8d747cac7055cb7a77949844338929d0') in 0.009135 seconds 
========================================================================
Received Import Request.
  Time since last request: 789.281058 seconds.
  path: Assets
  artifactKey: Guid(00000000000000001000000000000000) Importer(815301076,1909f56bfc062723c751e8b465ee728b)
Start importing Assets using Guid(00000000000000001000000000000000) Importer(815301076,1909f56bfc062723c751e8b465ee728b)  -> (artifact id: '79842766b460edbeab6a34051e857a80') in 0.001647 seconds 
========================================================================
Received Prepare
Registering precompiled user dll's ...
Registered in 0.005827 seconds.
Begin MonoManager ReloadAssembly
Symbol file LoadedFromMemory doesn't match image /Users/samfalberg/Documents/GitHub/TinyBites/FalbergTB1/Library/PackageCache/com.unity.visualscripting@1.7.8/Editor/VisualScripting.Core/Dependencies/YamlDotNet/Unity.VisualScripting.YamlDotNet.dll
Symbol file LoadedFromMemory doesn't match image /Users/samfalberg/Documents/GitHub/TinyBites/FalbergTB1/Library/PackageCache/com.unity.visualscripting@1.7.8/Editor/VisualScripting.Core/Dependencies/DotNetZip/Unity.VisualScripting.IonicZip.dll
Native extension for OSXStandalone target not found
Refreshing native plugins compatible for Editor in 0.52 ms, found 2 plugins.
Preloading 0 native plugins for Editor in 0.00 ms.
Mono: successfully reloaded assembly
- Completed reload, in  1.201 seconds
Domain Reload Profiling:
	ReloadAssembly (1202ms)
		BeginReloadAssembly (191ms)
			ExecutionOrderSort (0ms)
			DisableScriptedObjects (6ms)
			BackupInstance (0ms)
			ReleaseScriptingObjects (0ms)
			CreateAndSetChildDomain (70ms)
		EndReloadAssembly (897ms)
			LoadAssemblies (114ms)
			RebuildTransferFunctionScriptingTraits (0ms)
			SetupTypeCache (348ms)
			ReleaseScriptCaches (2ms)
			RebuildScriptCaches (60ms)
			SetupLoadedEditorAssemblies (349ms)
				LogAssemblyErrors (0ms)
				InitializePlatformSupportModulesInManaged (9ms)
				SetLoadedEditorAssemblies (1ms)
				RefreshPlugins (1ms)
				BeforeProcessingInitializeOnLoad (59ms)
				ProcessInitializeOnLoadAttributes (247ms)
				ProcessInitializeOnLoadMethodAttributes (31ms)
				AfterProcessingInitializeOnLoad (1ms)
				EditorAssembliesLoaded (0ms)
			ExecutionOrderSort2 (0ms)
			AwakeInstancesAfterBackupRestoration (4ms)
Platform modules already initialized, skipping
Refreshing native plugins compatible for Editor in 2.98 ms, found 2 plugins.
Preloading 0 native plugins for Editor in 0.00 ms.
Unloading 3375 Unused Serialized files (Serialized files now loaded: 0)
Unloading 20 unused Assets / (71.2 KB). Loaded Objects now: 3884.
Memory consumption went from 256.2 MB to 256.2 MB.
Total: 3.509498 ms (FindLiveObjects: 0.301083 ms CreateObjectMapping: 0.221573 ms MarkObjects: 2.861441 ms  DeleteObjects: 0.124630 ms)

AssetImportParameters requested are different than current active one (requested -> active):
  custom:video-decoder-ogg-theora: a1e56fd34408186e4bbccfd4996cb3dc -> 
  custom:container-muxer-webm: aa71ff27fc2769a1b78a27578f13a17b -> 
  custom:container-demuxer-webm: 4f35f7cbe854078d1ac9338744f61a02 -> 
  custom:video-encoder-webm-vp8: eb34c28f22e8b96e1ab97ce403110664 -> 
  custom:framework-osx-AVFoundation: e770b220cccbd017edd2c1fefb359320 -> 
  custom:audio-encoder-webm-vorbis: bf7c407c2cedff20999df2af8eb42d56 -> 
  custom:SearchIndexIgnoredProperties: e643bd26f0fe6173181afceb89e7c659 -> 
  custom:container-demuxer-ogg: 62fdf1f143b41e24485cea50d1cbac27 -> 
  custom:video-decoder-webm-vp8: 9c59270c3fd7afecdb556c50c9e8de78 -> 
  custom:audio-decoder-ogg-vorbis: bf7c407c2cedff20999df2af8eb42d56 -> 
========================================================================
Received Import Request.
  Time since last request: 14.790425 seconds.
  path: Assets/Scripts
  artifactKey: Guid(fb619320d79b94012bbad09ec8d3051c) Importer(815301076,1909f56bfc062723c751e8b465ee728b)
Start importing Assets/Scripts using Guid(fb619320d79b94012bbad09ec8d3051c) Importer(815301076,1909f56bfc062723c751e8b465ee728b)  -> (artifact id: '28240ad7427886b6d059b2712cf8fab2') in 0.007072 seconds 
========================================================================
Received Import Request.
  Time since last request: 7.812118 seconds.
  path: Assets/Scripts/Cube.cs
  artifactKey: Guid(dc4fbeffd693b4ee080e7436f238bee6) Importer(815301076,1909f56bfc062723c751e8b465ee728b)
Start importing Assets/Scripts/Cube.cs using Guid(dc4fbeffd693b4ee080e7436f238bee6) Importer(815301076,1909f56bfc062723c751e8b465ee728b)  -> (artifact id: 'd44c97890e883e8e6d80274561a62c50') in 0.216497 seconds 
========================================================================
Received Prepare
Registering precompiled user dll's ...
Registered in 0.007100 seconds.
Begin MonoManager ReloadAssembly
Symbol file LoadedFromMemory doesn't match image /Users/samfalberg/Documents/GitHub/TinyBites/FalbergTB1/Library/PackageCache/com.unity.visualscripting@1.7.8/Editor/VisualScripting.Core/Dependencies/YamlDotNet/Unity.VisualScripting.YamlDotNet.dll
Symbol file LoadedFromMemory doesn't match image /Users/samfalberg/Documents/GitHub/TinyBites/FalbergTB1/Library/PackageCache/com.unity.visualscripting@1.7.8/Editor/VisualScripting.Core/Dependencies/DotNetZip/Unity.VisualScripting.IonicZip.dll
Native extension for OSXStandalone target not found
Refreshing native plugins compatible for Editor in 0.84 ms, found 2 plugins.
Preloading 0 native plugins for Editor in 0.00 ms.
Mono: successfully reloaded assembly
- Completed reload, in  1.885 seconds
Domain Reload Profiling:
	ReloadAssembly (1886ms)
		BeginReloadAssembly (235ms)
			ExecutionOrderSort (0ms)
			DisableScriptedObjects (12ms)
			BackupInstance (0ms)
			ReleaseScriptingObjects (0ms)
			CreateAndSetChildDomain (81ms)
		EndReloadAssembly (1503ms)
			LoadAssemblies (143ms)
			RebuildTransferFunctionScriptingTraits (0ms)
			SetupTypeCache (506ms)
			ReleaseScriptCaches (2ms)
			RebuildScriptCaches (77ms)
			SetupLoadedEditorAssemblies (720ms)
				LogAssemblyErrors (0ms)
				InitializePlatformSupportModulesInManaged (17ms)
				SetLoadedEditorAssemblies (1ms)
				RefreshPlugins (1ms)
				BeforeProcessingInitializeOnLoad (109ms)
				ProcessInitializeOnLoadAttributes (501ms)
				ProcessInitializeOnLoadMethodAttributes (89ms)
				AfterProcessingInitializeOnLoad (2ms)
				EditorAssembliesLoaded (0ms)
			ExecutionOrderSort2 (0ms)
			AwakeInstancesAfterBackupRestoration (8ms)
Platform modules already initialized, skipping
Refreshing native plugins compatible for Editor in 3.43 ms, found 2 plugins.
Preloading 0 native plugins for Editor in 0.00 ms.
Unloading 3376 Unused Serialized files (Serialized files now loaded: 0)
Unloading 20 unused Assets / (71.2 KB). Loaded Objects now: 3888.
Memory consumption went from 259.9 MB to 259.9 MB.
Total: 5.286273 ms (FindLiveObjects: 0.357916 ms CreateObjectMapping: 0.290074 ms MarkObjects: 4.507435 ms  DeleteObjects: 0.129736 ms)

AssetImportParameters requested are different than current active one (requested -> active):
  custom:video-decoder-ogg-theora: a1e56fd34408186e4bbccfd4996cb3dc -> 
  custom:container-muxer-webm: aa71ff27fc2769a1b78a27578f13a17b -> 
  custom:container-demuxer-webm: 4f35f7cbe854078d1ac9338744f61a02 -> 
  custom:video-encoder-webm-vp8: eb34c28f22e8b96e1ab97ce403110664 -> 
  custom:framework-osx-AVFoundation: e770b220cccbd017edd2c1fefb359320 -> 
  custom:audio-encoder-webm-vorbis: bf7c407c2cedff20999df2af8eb42d56 -> 
  custom:SearchIndexIgnoredProperties: e643bd26f0fe6173181afceb89e7c659 -> 
  custom:container-demuxer-ogg: 62fdf1f143b41e24485cea50d1cbac27 -> 
  custom:video-decoder-webm-vp8: 9c59270c3fd7afecdb556c50c9e8de78 -> 
  custom:audio-decoder-ogg-vorbis: bf7c407c2cedff20999df2af8eb42d56 -> 
========================================================================
Received Import Request.
  Time since last request: 60.569518 seconds.
  path: Assets/Scripts/Cube.cs
  artifactKey: Guid(dc4fbeffd693b4ee080e7436f238bee6) Importer(815301076,1909f56bfc062723c751e8b465ee728b)
Start importing Assets/Scripts/Cube.cs using Guid(dc4fbeffd693b4ee080e7436f238bee6) Importer(815301076,1909f56bfc062723c751e8b465ee728b)  -> (artifact id: 'fcf64fe4f4248ea80fbc4251c4e5da90') in 0.015636 seconds 
========================================================================
Received Prepare
Registering precompiled user dll's ...
Registered in 0.005559 seconds.
Begin MonoManager ReloadAssembly
Symbol file LoadedFromMemory doesn't match image /Users/samfalberg/Documents/GitHub/TinyBites/FalbergTB1/Library/PackageCache/com.unity.visualscripting@1.7.8/Editor/VisualScripting.Core/Dependencies/YamlDotNet/Unity.VisualScripting.YamlDotNet.dll
Symbol file LoadedFromMemory doesn't match image /Users/samfalberg/Documents/GitHub/TinyBites/FalbergTB1/Library/PackageCache/com.unity.visualscripting@1.7.8/Editor/VisualScripting.Core/Dependencies/DotNetZip/Unity.VisualScripting.IonicZip.dll
Native extension for OSXStandalone target not found
Refreshing native plugins compatible for Editor in 0.70 ms, found 2 plugins.
Preloading 0 native plugins for Editor in 0.00 ms.
Mono: successfully reloaded assembly
- Completed reload, in  1.270 seconds
Domain Reload Profiling:
	ReloadAssembly (1271ms)
		BeginReloadAssembly (238ms)
			ExecutionOrderSort (0ms)
			DisableScriptedObjects (12ms)
			BackupInstance (0ms)
			ReleaseScriptingObjects (0ms)
			CreateAndSetChildDomain (87ms)
		EndReloadAssembly (908ms)
			LoadAssemblies (126ms)
			RebuildTransferFunctionScriptingTraits (0ms)
			SetupTypeCache (358ms)
			ReleaseScriptCaches (1ms)
			RebuildScriptCaches (51ms)
			SetupLoadedEditorAssemblies (362ms)
				LogAssemblyErrors (0ms)
				InitializePlatformSupportModulesInManaged (10ms)
				SetLoadedEditorAssemblies (1ms)
				RefreshPlugins (1ms)
				BeforeProcessingInitializeOnLoad (64ms)
				ProcessInitializeOnLoadAttributes (253ms)
				ProcessInitializeOnLoadMethodAttributes (32ms)
				AfterProcessingInitializeOnLoad (1ms)
				EditorAssembliesLoaded (0ms)
			ExecutionOrderSort2 (0ms)
			AwakeInstancesAfterBackupRestoration (4ms)
Platform modules already initialized, skipping
Refreshing native plugins compatible for Editor in 1.52 ms, found 2 plugins.
Preloading 0 native plugins for Editor in 0.00 ms.
Unloading 3376 Unused Serialized files (Serialized files now loaded: 0)
Unloading 20 unused Assets / (71.2 KB). Loaded Objects now: 3891.
Memory consumption went from 260.5 MB to 260.4 MB.
Total: 3.281597 ms (FindLiveObjects: 0.308916 ms CreateObjectMapping: 0.186652 ms MarkObjects: 2.649270 ms  DeleteObjects: 0.135899 ms)

AssetImportParameters requested are different than current active one (requested -> active):
  custom:video-decoder-ogg-theora: a1e56fd34408186e4bbccfd4996cb3dc -> 
  custom:container-muxer-webm: aa71ff27fc2769a1b78a27578f13a17b -> 
  custom:container-demuxer-webm: 4f35f7cbe854078d1ac9338744f61a02 -> 
  custom:video-encoder-webm-vp8: eb34c28f22e8b96e1ab97ce403110664 -> 
  custom:framework-osx-AVFoundation: e770b220cccbd017edd2c1fefb359320 -> 
  custom:audio-encoder-webm-vorbis: bf7c407c2cedff20999df2af8eb42d56 -> 
  custom:SearchIndexIgnoredProperties: e643bd26f0fe6173181afceb89e7c659 -> 
  custom:container-demuxer-ogg: 62fdf1f143b41e24485cea50d1cbac27 -> 
  custom:video-decoder-webm-vp8: 9c59270c3fd7afecdb556c50c9e8de78 -> 
  custom:audio-decoder-ogg-vorbis: bf7c407c2cedff20999df2af8eb42d56 -> 
========================================================================
Received Prepare
Registering precompiled user dll's ...
Registered in 0.005876 seconds.
Begin MonoManager ReloadAssembly
Symbol file LoadedFromMemory doesn't match image /Users/samfalberg/Documents/GitHub/TinyBites/FalbergTB1/Library/PackageCache/com.unity.visualscripting@1.7.8/Editor/VisualScripting.Core/Dependencies/YamlDotNet/Unity.VisualScripting.YamlDotNet.dll
Symbol file LoadedFromMemory doesn't match image /Users/samfalberg/Documents/GitHub/TinyBites/FalbergTB1/Library/PackageCache/com.unity.visualscripting@1.7.8/Editor/VisualScripting.Core/Dependencies/DotNetZip/Unity.VisualScripting.IonicZip.dll
Native extension for OSXStandalone target not found
Refreshing native plugins compatible for Editor in 0.62 ms, found 2 plugins.
Preloading 0 native plugins for Editor in 0.00 ms.
Mono: successfully reloaded assembly
- Completed reload, in  1.320 seconds
Domain Reload Profiling:
	ReloadAssembly (1320ms)
		BeginReloadAssembly (229ms)
			ExecutionOrderSort (0ms)
			DisableScriptedObjects (8ms)
			BackupInstance (0ms)
			ReleaseScriptingObjects (0ms)
			CreateAndSetChildDomain (62ms)
		EndReloadAssembly (964ms)
			LoadAssemblies (141ms)
			RebuildTransferFunctionScriptingTraits (0ms)
			SetupTypeCache (365ms)
			ReleaseScriptCaches (1ms)
			RebuildScriptCaches (61ms)
			SetupLoadedEditorAssemblies (377ms)
				LogAssemblyErrors (0ms)
				InitializePlatformSupportModulesInManaged (11ms)
				SetLoadedEditorAssemblies (1ms)
				RefreshPlugins (1ms)
				BeforeProcessingInitializeOnLoad (61ms)
				ProcessInitializeOnLoadAttributes (265ms)
				ProcessInitializeOnLoadMethodAttributes (38ms)
				AfterProcessingInitializeOnLoad (2ms)
				EditorAssembliesLoaded (0ms)
			ExecutionOrderSort2 (0ms)
			AwakeInstancesAfterBackupRestoration (6ms)
Platform modules already initialized, skipping
Refreshing native plugins compatible for Editor in 1.66 ms, found 2 plugins.
Preloading 0 native plugins for Editor in 0.00 ms.
Unloading 3376 Unused Serialized files (Serialized files now loaded: 0)
Unloading 20 unused Assets / (71.4 KB). Loaded Objects now: 3894.
Memory consumption went from 260.7 MB to 260.6 MB.
Total: 4.922971 ms (FindLiveObjects: 0.357845 ms CreateObjectMapping: 0.253441 ms MarkObjects: 4.186035 ms  DeleteObjects: 0.124365 ms)

AssetImportParameters requested are different than current active one (requested -> active):
  custom:video-decoder-ogg-theora: a1e56fd34408186e4bbccfd4996cb3dc -> 
  custom:container-muxer-webm: aa71ff27fc2769a1b78a27578f13a17b -> 
  custom:container-demuxer-webm: 4f35f7cbe854078d1ac9338744f61a02 -> 
  custom:video-encoder-webm-vp8: eb34c28f22e8b96e1ab97ce403110664 -> 
  custom:framework-osx-AVFoundation: e770b220cccbd017edd2c1fefb359320 -> 
  custom:audio-encoder-webm-vorbis: bf7c407c2cedff20999df2af8eb42d56 -> 
  custom:SearchIndexIgnoredProperties: e643bd26f0fe6173181afceb89e7c659 -> 
  custom:container-demuxer-ogg: 62fdf1f143b41e24485cea50d1cbac27 -> 
  custom:video-decoder-webm-vp8: 9c59270c3fd7afecdb556c50c9e8de78 -> 
  custom:audio-decoder-ogg-vorbis: bf7c407c2cedff20999df2af8eb42d56 -> 
========================================================================
Received Prepare
Registering precompiled user dll's ...
Registered in 0.006230 seconds.
Begin MonoManager ReloadAssembly
Symbol file LoadedFromMemory doesn't match image /Users/samfalberg/Documents/GitHub/TinyBites/FalbergTB1/Library/PackageCache/com.unity.visualscripting@1.7.8/Editor/VisualScripting.Core/Dependencies/YamlDotNet/Unity.VisualScripting.YamlDotNet.dll
Symbol file LoadedFromMemory doesn't match image /Users/samfalberg/Documents/GitHub/TinyBites/FalbergTB1/Library/PackageCache/com.unity.visualscripting@1.7.8/Editor/VisualScripting.Core/Dependencies/DotNetZip/Unity.VisualScripting.IonicZip.dll
Native extension for OSXStandalone target not found
Refreshing native plugins compatible for Editor in 0.62 ms, found 2 plugins.
Preloading 0 native plugins for Editor in 0.00 ms.
Mono: successfully reloaded assembly
- Completed reload, in  1.395 seconds
Domain Reload Profiling:
	ReloadAssembly (1396ms)
		BeginReloadAssembly (176ms)
			ExecutionOrderSort (0ms)
			DisableScriptedObjects (7ms)
			BackupInstance (0ms)
			ReleaseScriptingObjects (0ms)
			CreateAndSetChildDomain (51ms)
		EndReloadAssembly (1094ms)
			LoadAssemblies (136ms)
			RebuildTransferFunctionScriptingTraits (0ms)
			SetupTypeCache (342ms)
			ReleaseScriptCaches (1ms)
			RebuildScriptCaches (63ms)
			SetupLoadedEditorAssemblies (504ms)
				LogAssemblyErrors (0ms)
				InitializePlatformSupportModulesInManaged (12ms)
				SetLoadedEditorAssemblies (1ms)
				RefreshPlugins (1ms)
				BeforeProcessingInitializeOnLoad (74ms)
				ProcessInitializeOnLoadAttributes (359ms)
				ProcessInitializeOnLoadMethodAttributes (55ms)
				AfterProcessingInitializeOnLoad (2ms)
				EditorAssembliesLoaded (0ms)
			ExecutionOrderSort2 (0ms)
			AwakeInstancesAfterBackupRestoration (7ms)
Platform modules already initialized, skipping
Refreshing native plugins compatible for Editor in 3.22 ms, found 2 plugins.
Preloading 0 native plugins for Editor in 0.00 ms.
Unloading 3376 Unused Serialized files (Serialized files now loaded: 0)
Unloading 20 unused Assets / (71.2 KB). Loaded Objects now: 3897.
Memory consumption went from 260.9 MB to 260.8 MB.
Total: 5.735471 ms (FindLiveObjects: 0.425320 ms CreateObjectMapping: 0.348440 ms MarkObjects: 4.797554 ms  DeleteObjects: 0.162915 ms)

AssetImportParameters requested are different than current active one (requested -> active):
  custom:video-decoder-ogg-theora: a1e56fd34408186e4bbccfd4996cb3dc -> 
  custom:container-muxer-webm: aa71ff27fc2769a1b78a27578f13a17b -> 
  custom:container-demuxer-webm: 4f35f7cbe854078d1ac9338744f61a02 -> 
  custom:video-encoder-webm-vp8: eb34c28f22e8b96e1ab97ce403110664 -> 
  custom:framework-osx-AVFoundation: e770b220cccbd017edd2c1fefb359320 -> 
  custom:audio-encoder-webm-vorbis: bf7c407c2cedff20999df2af8eb42d56 -> 
  custom:SearchIndexIgnoredProperties: e643bd26f0fe6173181afceb89e7c659 -> 
  custom:container-demuxer-ogg: 62fdf1f143b41e24485cea50d1cbac27 -> 
  custom:video-decoder-webm-vp8: 9c59270c3fd7afecdb556c50c9e8de78 -> 
  custom:audio-decoder-ogg-vorbis: bf7c407c2cedff20999df2af8eb42d56 -> 
========================================================================
Received Prepare
Registering precompiled user dll's ...
Registered in 0.006982 seconds.
Begin MonoManager ReloadAssembly
Symbol file LoadedFromMemory doesn't match image /Users/samfalberg/Documents/GitHub/TinyBites/FalbergTB1/Library/PackageCache/com.unity.visualscripting@1.7.8/Editor/VisualScripting.Core/Dependencies/YamlDotNet/Unity.VisualScripting.YamlDotNet.dll
Symbol file LoadedFromMemory doesn't match image /Users/samfalberg/Documents/GitHub/TinyBites/FalbergTB1/Library/PackageCache/com.unity.visualscripting@1.7.8/Editor/VisualScripting.Core/Dependencies/DotNetZip/Unity.VisualScripting.IonicZip.dll
Native extension for OSXStandalone target not found
Refreshing native plugins compatible for Editor in 1.24 ms, found 2 plugins.
Preloading 0 native plugins for Editor in 0.00 ms.
Mono: successfully reloaded assembly
- Completed reload, in  1.980 seconds
Domain Reload Profiling:
	ReloadAssembly (2009ms)
		BeginReloadAssembly (193ms)
			ExecutionOrderSort (0ms)
			DisableScriptedObjects (6ms)
			BackupInstance (0ms)
			ReleaseScriptingObjects (0ms)
			CreateAndSetChildDomain (51ms)
		EndReloadAssembly (1662ms)
			LoadAssemblies (162ms)
			RebuildTransferFunctionScriptingTraits (0ms)
			SetupTypeCache (570ms)
			ReleaseScriptCaches (2ms)
			RebuildScriptCaches (93ms)
			SetupLoadedEditorAssemblies (715ms)
				LogAssemblyErrors (0ms)
				InitializePlatformSupportModulesInManaged (18ms)
				SetLoadedEditorAssemblies (1ms)
				RefreshPlugins (1ms)
				BeforeProcessingInitializeOnLoad (126ms)
				ProcessInitializeOnLoadAttributes (499ms)
				ProcessInitializeOnLoadMethodAttributes (67ms)
				AfterProcessingInitializeOnLoad (3ms)
				EditorAssembliesLoaded (0ms)
			ExecutionOrderSort2 (0ms)
			AwakeInstancesAfterBackupRestoration (8ms)
Platform modules already initialized, skipping
Refreshing native plugins compatible for Editor in 3.88 ms, found 2 plugins.
Preloading 0 native plugins for Editor in 0.00 ms.
Unloading 3376 Unused Serialized files (Serialized files now loaded: 0)
Unloading 20 unused Assets / (71.4 KB). Loaded Objects now: 3900.
Memory consumption went from 261.1 MB to 261.1 MB.
Total: 6.028481 ms (FindLiveObjects: 0.423964 ms CreateObjectMapping: 0.394933 ms MarkObjects: 5.061042 ms  DeleteObjects: 0.146816 ms)

AssetImportParameters requested are different than current active one (requested -> active):
  custom:video-decoder-ogg-theora: a1e56fd34408186e4bbccfd4996cb3dc -> 
  custom:container-muxer-webm: aa71ff27fc2769a1b78a27578f13a17b -> 
  custom:container-demuxer-webm: 4f35f7cbe854078d1ac9338744f61a02 -> 
  custom:video-encoder-webm-vp8: eb34c28f22e8b96e1ab97ce403110664 -> 
  custom:framework-osx-AVFoundation: e770b220cccbd017edd2c1fefb359320 -> 
  custom:audio-encoder-webm-vorbis: bf7c407c2cedff20999df2af8eb42d56 -> 
  custom:SearchIndexIgnoredProperties: e643bd26f0fe6173181afceb89e7c659 -> 
  custom:container-demuxer-ogg: 62fdf1f143b41e24485cea50d1cbac27 -> 
  custom:video-decoder-webm-vp8: 9c59270c3fd7afecdb556c50c9e8de78 -> 
  custom:audio-decoder-ogg-vorbis: bf7c407c2cedff20999df2af8eb42d56 -> 
========================================================================
Received Prepare
Registering precompiled user dll's ...
Registered in 0.006326 seconds.
Begin MonoManager ReloadAssembly
Symbol file LoadedFromMemory doesn't match image /Users/samfalberg/Documents/GitHub/TinyBites/FalbergTB1/Library/PackageCache/com.unity.visualscripting@1.7.8/Editor/VisualScripting.Core/Dependencies/YamlDotNet/Unity.VisualScripting.YamlDotNet.dll
Symbol file LoadedFromMemory doesn't match image /Users/samfalberg/Documents/GitHub/TinyBites/FalbergTB1/Library/PackageCache/com.unity.visualscripting@1.7.8/Editor/VisualScripting.Core/Dependencies/DotNetZip/Unity.VisualScripting.IonicZip.dll
Native extension for OSXStandalone target not found
Refreshing native plugins compatible for Editor in 0.62 ms, found 2 plugins.
Preloading 0 native plugins for Editor in 0.00 ms.
Mono: successfully reloaded assembly
- Completed reload, in  1.407 seconds
Domain Reload Profiling:
	ReloadAssembly (1408ms)
		BeginReloadAssembly (192ms)
			ExecutionOrderSort (0ms)
			DisableScriptedObjects (8ms)
			BackupInstance (0ms)
			ReleaseScriptingObjects (0ms)
			CreateAndSetChildDomain (59ms)
		EndReloadAssembly (1060ms)
			LoadAssemblies (137ms)
			RebuildTransferFunctionScriptingTraits (0ms)
			SetupTypeCache (410ms)
			ReleaseScriptCaches (2ms)
			RebuildScriptCaches (57ms)
			SetupLoadedEditorAssemblies (431ms)
				LogAssemblyErrors (0ms)
				InitializePlatformSupportModulesInManaged (10ms)
				SetLoadedEditorAssemblies (1ms)
				RefreshPlugins (1ms)
				BeforeProcessingInitializeOnLoad (67ms)
				ProcessInitializeOnLoadAttributes (320ms)
				ProcessInitializeOnLoadMethodAttributes (32ms)
				AfterProcessingInitializeOnLoad (1ms)
				EditorAssembliesLoaded (0ms)
			ExecutionOrderSort2 (0ms)
			AwakeInstancesAfterBackupRestoration (4ms)
Platform modules already initialized, skipping
Refreshing native plugins compatible for Editor in 2.35 ms, found 2 plugins.
Preloading 0 native plugins for Editor in 0.00 ms.
Unloading 3376 Unused Serialized files (Serialized files now loaded: 0)
Unloading 20 unused Assets / (71.3 KB). Loaded Objects now: 3903.
Memory consumption went from 261.3 MB to 261.2 MB.
Total: 3.680767 ms (FindLiveObjects: 0.288629 ms CreateObjectMapping: 0.185420 ms MarkObjects: 3.106444 ms  DeleteObjects: 0.099264 ms)

AssetImportParameters requested are different than current active one (requested -> active):
  custom:video-decoder-ogg-theora: a1e56fd34408186e4bbccfd4996cb3dc -> 
  custom:container-muxer-webm: aa71ff27fc2769a1b78a27578f13a17b -> 
  custom:container-demuxer-webm: 4f35f7cbe854078d1ac9338744f61a02 -> 
  custom:video-encoder-webm-vp8: eb34c28f22e8b96e1ab97ce403110664 -> 
  custom:framework-osx-AVFoundation: e770b220cccbd017edd2c1fefb359320 -> 
  custom:audio-encoder-webm-vorbis: bf7c407c2cedff20999df2af8eb42d56 -> 
  custom:SearchIndexIgnoredProperties: e643bd26f0fe6173181afceb89e7c659 -> 
  custom:container-demuxer-ogg: 62fdf1f143b41e24485cea50d1cbac27 -> 
  custom:video-decoder-webm-vp8: 9c59270c3fd7afecdb556c50c9e8de78 -> 
  custom:audio-decoder-ogg-vorbis: bf7c407c2cedff20999df2af8eb42d56 -> 
========================================================================
Received Prepare
Registering precompiled user dll's ...
Registered in 0.007638 seconds.
Begin MonoManager ReloadAssembly
Symbol file LoadedFromMemory doesn't match image /Users/samfalberg/Documents/GitHub/TinyBites/FalbergTB1/Library/PackageCache/com.unity.visualscripting@1.7.8/Editor/VisualScripting.Core/Dependencies/YamlDotNet/Unity.VisualScripting.YamlDotNet.dll
Symbol file LoadedFromMemory doesn't match image /Users/samfalberg/Documents/GitHub/TinyBites/FalbergTB1/Library/PackageCache/com.unity.visualscripting@1.7.8/Editor/VisualScripting.Core/Dependencies/DotNetZip/Unity.VisualScripting.IonicZip.dll
Native extension for OSXStandalone target not found
Refreshing native plugins compatible for Editor in 0.95 ms, found 2 plugins.
Preloading 0 native plugins for Editor in 0.00 ms.
Mono: successfully reloaded assembly
- Completed reload, in  1.603 seconds
Domain Reload Profiling:
	ReloadAssembly (1605ms)
		BeginReloadAssembly (182ms)
			ExecutionOrderSort (0ms)
			DisableScriptedObjects (7ms)
			BackupInstance (0ms)
			ReleaseScriptingObjects (0ms)
			CreateAndSetChildDomain (50ms)
		EndReloadAssembly (1286ms)
			LoadAssemblies (130ms)
			RebuildTransferFunctionScriptingTraits (0ms)
			SetupTypeCache (418ms)
			ReleaseScriptCaches (2ms)
			RebuildScriptCaches (82ms)
			SetupLoadedEditorAssemblies (559ms)
				LogAssemblyErrors (0ms)
				InitializePlatformSupportModulesInManaged (15ms)
				SetLoadedEditorAssemblies (1ms)
				RefreshPlugins (1ms)
				BeforeProcessingInitializeOnLoad (79ms)
				ProcessInitializeOnLoadAttributes (388ms)
				ProcessInitializeOnLoadMethodAttributes (72ms)
				AfterProcessingInitializeOnLoad (3ms)
				EditorAssembliesLoaded (0ms)
			ExecutionOrderSort2 (0ms)
			AwakeInstancesAfterBackupRestoration (12ms)
Platform modules already initialized, skipping
Refreshing native plugins compatible for Editor in 4.80 ms, found 2 plugins.
Preloading 0 native plugins for Editor in 0.00 ms.
Unloading 3376 Unused Serialized files (Serialized files now loaded: 0)
Unloading 20 unused Assets / (71.4 KB). Loaded Objects now: 3906.
Memory consumption went from 261.5 MB to 261.5 MB.
Total: 5.976496 ms (FindLiveObjects: 0.493750 ms CreateObjectMapping: 0.296188 ms MarkObjects: 5.076976 ms  DeleteObjects: 0.107986 ms)

AssetImportParameters requested are different than current active one (requested -> active):
  custom:video-decoder-ogg-theora: a1e56fd34408186e4bbccfd4996cb3dc -> 
  custom:container-muxer-webm: aa71ff27fc2769a1b78a27578f13a17b -> 
  custom:container-demuxer-webm: 4f35f7cbe854078d1ac9338744f61a02 -> 
  custom:video-encoder-webm-vp8: eb34c28f22e8b96e1ab97ce403110664 -> 
  custom:framework-osx-AVFoundation: e770b220cccbd017edd2c1fefb359320 -> 
  custom:audio-encoder-webm-vorbis: bf7c407c2cedff20999df2af8eb42d56 -> 
  custom:SearchIndexIgnoredProperties: e643bd26f0fe6173181afceb89e7c659 -> 
  custom:container-demuxer-ogg: 62fdf1f143b41e24485cea50d1cbac27 -> 
  custom:video-decoder-webm-vp8: 9c59270c3fd7afecdb556c50c9e8de78 -> 
  custom:audio-decoder-ogg-vorbis: bf7c407c2cedff20999df2af8eb42d56 -> 
========================================================================
Received Prepare
Registering precompiled user dll's ...
Registered in 0.005555 seconds.
Begin MonoManager ReloadAssembly
Symbol file LoadedFromMemory doesn't match image /Users/samfalberg/Documents/GitHub/TinyBites/FalbergTB1/Library/PackageCache/com.unity.visualscripting@1.7.8/Editor/VisualScripting.Core/Dependencies/YamlDotNet/Unity.VisualScripting.YamlDotNet.dll
Symbol file LoadedFromMemory doesn't match image /Users/samfalberg/Documents/GitHub/TinyBites/FalbergTB1/Library/PackageCache/com.unity.visualscripting@1.7.8/Editor/VisualScripting.Core/Dependencies/DotNetZip/Unity.VisualScripting.IonicZip.dll
Native extension for OSXStandalone target not found
Refreshing native plugins compatible for Editor in 0.75 ms, found 2 plugins.
Preloading 0 native plugins for Editor in 0.00 ms.
Mono: successfully reloaded assembly
- Completed reload, in  2.047 seconds
Domain Reload Profiling:
	ReloadAssembly (2048ms)
		BeginReloadAssembly (230ms)
			ExecutionOrderSort (0ms)
			DisableScriptedObjects (9ms)
			BackupInstance (0ms)
			ReleaseScriptingObjects (0ms)
			CreateAndSetChildDomain (71ms)
		EndReloadAssembly (1613ms)
			LoadAssemblies (186ms)
			RebuildTransferFunctionScriptingTraits (0ms)
			SetupTypeCache (604ms)
			ReleaseScriptCaches (2ms)
			RebuildScriptCaches (98ms)
			SetupLoadedEditorAssemblies (637ms)
				LogAssemblyErrors (0ms)
				InitializePlatformSupportModulesInManaged (21ms)
				SetLoadedEditorAssemblies (1ms)
				RefreshPlugins (1ms)
				BeforeProcessingInitializeOnLoad (114ms)
				ProcessInitializeOnLoadAttributes (441ms)
				ProcessInitializeOnLoadMethodAttributes (57ms)
				AfterProcessingInitializeOnLoad (2ms)
				EditorAssembliesLoaded (0ms)
			ExecutionOrderSort2 (0ms)
			AwakeInstancesAfterBackupRestoration (10ms)
Platform modules already initialized, skipping
Refreshing native plugins compatible for Editor in 1.85 ms, found 2 plugins.
Preloading 0 native plugins for Editor in 0.00 ms.
Unloading 3376 Unused Serialized files (Serialized files now loaded: 0)
Unloading 20 unused Assets / (71.2 KB). Loaded Objects now: 3909.
Memory consumption went from 261.7 MB to 261.6 MB.
Total: 4.439088 ms (FindLiveObjects: 0.426899 ms CreateObjectMapping: 0.248853 ms MarkObjects: 3.633775 ms  DeleteObjects: 0.128418 ms)

AssetImportParameters requested are different than current active one (requested -> active):
  custom:video-decoder-ogg-theora: a1e56fd34408186e4bbccfd4996cb3dc -> 
  custom:container-muxer-webm: aa71ff27fc2769a1b78a27578f13a17b -> 
  custom:container-demuxer-webm: 4f35f7cbe854078d1ac9338744f61a02 -> 
  custom:video-encoder-webm-vp8: eb34c28f22e8b96e1ab97ce403110664 -> 
  custom:framework-osx-AVFoundation: e770b220cccbd017edd2c1fefb359320 -> 
  custom:audio-encoder-webm-vorbis: bf7c407c2cedff20999df2af8eb42d56 -> 
  custom:SearchIndexIgnoredProperties: e643bd26f0fe6173181afceb89e7c659 -> 
  custom:container-demuxer-ogg: 62fdf1f143b41e24485cea50d1cbac27 -> 
  custom:video-decoder-webm-vp8: 9c59270c3fd7afecdb556c50c9e8de78 -> 
  custom:audio-decoder-ogg-vorbis: bf7c407c2cedff20999df2af8eb42d56 -> 
